<?xml version="1.0" encoding="UTF-8"?>
<!-- Generated by org.testng.reporters.JUnitXMLReporter -->
<testsuite ignored="0" hostname="LAPTOP-T1BG6N1Q" failures="0" tests="3" name="Default test" time="88.033" errors="0" timestamp="2025-12-23T15:51:23 IST">
  <testcase classname="com.comcast.crm.contacttest.ContactModule" name="createContact" time="10.115"/>
  <testcase classname="com.comcast.crm.contacttest.ContactModule" name="createContactWithOrgTest" time="16.641"/>
  <testcase classname="com.comcast.crm.contacttest.ContactModule" name="createContactWithSupportDate" time="7.338"/>
</testsuite> <!-- Default test -->
