<?xml version="1.0" encoding="UTF-8"?>
<!-- Generated by org.testng.reporters.JUnitXMLReporter -->
<testsuite ignored="2" hostname="LAPTOP-T1BG6N1Q" failures="0" tests="1" name="Test" time="17.161" errors="0" timestamp="2025-12-23T12:55:48 IST">
  <testcase classname="com.comcast.crm.contacttest.ContactModule" name="createContactWithOrgTest" time="11.774"/>
  <testcase classname="com.comcast.crm.contacttest.ContactModule" name="createContact" time="0.0">
    <ignored/>
  </testcase> <!-- createContact -->
  <testcase classname="com.comcast.crm.contacttest.ContactModule" name="createContactWithSupportDate" time="0.0">
    <ignored/>
  </testcase> <!-- createContactWithSupportDate -->
</testsuite> <!-- Test -->
