<?xml version="1.0" encoding="UTF-8"?>
<!-- Generated by org.testng.reporters.JUnitXMLReporter -->
<testsuite ignored="2" hostname="LAPTOP-T1BG6N1Q" failures="0" tests="6" name="Test-1" time="125.154" errors="0" timestamp="2025-12-18T18:12:36 IST">
  <testcase classname="com.comcast.crm.orgtest.OrganisationModule" name="createOrgTest" time="30.439"/>
  <testcase classname="com.comcast.crm.orgtest.OrganisationModule" name="createOrgWithIndustry" time="9.329"/>
  <testcase classname="com.comcast.crm.orgtest.OrganisationModule" name="createOrgWithPhoneNumber" time="11.574"/>
  <testcase classname="com.comcast.crm.contacttest.ContactModule" name="createContact" time="10.324"/>
  <testcase classname="com.comcast.crm.contacttest.ContactModule" name="createContactWithOrgTest" time="17.706"/>
  <testcase classname="com.comcast.crm.contacttest.ContactModule" name="createContactWithSupportDate" time="6.646"/>
  <testcase classname="com.crm.comcast.basetest.BaseTest" name="@AfterSuite aftersuite" time="0.0">
    <ignored/>
  </testcase> <!-- @AfterSuite aftersuite -->
  <testcase classname="com.crm.comcast.basetest.BaseTest" name="@BeforeSuite beforeSuite" time="0.0">
    <ignored/>
  </testcase> <!-- @BeforeSuite beforeSuite -->
</testsuite> <!-- Test-1 -->
