<?xml version="1.0" encoding="UTF-8"?>
<!-- Generated by org.testng.reporters.JUnitXMLReporter -->
<testsuite ignored="2" hostname="LAPTOP-T1BG6N1Q" failures="0" tests="6" name="Test-2" time="132.208" errors="0" timestamp="2025-12-18T18:12:43 IST">
  <testcase classname="com.comcast.crm.orgtest.OrganisationModule" name="createOrgTest" time="9.098"/>
  <testcase classname="com.comcast.crm.orgtest.OrganisationModule" name="createOrgWithIndustry" time="7.694"/>
  <testcase classname="com.comcast.crm.orgtest.OrganisationModule" name="createOrgWithPhoneNumber" time="7.955"/>
  <testcase classname="com.comcast.crm.contacttest.ContactModule" name="createContact" time="7.701"/>
  <testcase classname="com.comcast.crm.contacttest.ContactModule" name="createContactWithOrgTest" time="18.045"/>
  <testcase classname="com.comcast.crm.contacttest.ContactModule" name="createContactWithSupportDate" time="7.97"/>
  <testcase classname="com.crm.comcast.basetest.BaseTest" name="@BeforeSuite beforeSuite" time="0.0">
    <ignored/>
  </testcase> <!-- @BeforeSuite beforeSuite -->
  <testcase classname="com.crm.comcast.basetest.BaseTest" name="@AfterSuite aftersuite" time="0.0">
    <ignored/>
  </testcase> <!-- @AfterSuite aftersuite -->
</testsuite> <!-- Test-2 -->
