<?xml version="1.0" encoding="UTF-8"?>
<!-- Generated by org.testng.reporters.JUnitReportReporter -->
<testsuite hostname="LAPTOP-T1BG6N1Q" failures="0" tests="3" name="com.comcast.crm.orgtest.CreateOrgTest" time="36.000" errors="0" timestamp="2025-12-18T13:04:06 IST" skipped="0">
  <testcase classname="com.comcast.crm.orgtest.CreateOrgTest" name="createOrgWithIndustry" time="10.877"/>
  <testcase classname="com.comcast.crm.orgtest.CreateOrgTest" name="createOrgWithPhoneNumber" time="13.813"/>
  <testcase classname="com.comcast.crm.orgtest.CreateOrgTest" name="test" time="11.310"/>
</testsuite> <!-- com.comcast.crm.orgtest.CreateOrgTest -->
