<?xml version="1.0" encoding="UTF-8"?>
<!-- Generated by org.testng.reporters.JUnitReportReporter -->
<testsuite hostname="LAPTOP-T1BG6N1Q" failures="0" tests="2" name="PracticeTest.ConfigarationAnnotations" time="0.011" errors="0" timestamp="2025-12-18T10:40:29 IST" skipped="0">
  <testcase classname="PracticeTest.ConfigarationAnnotations" name="TC1" time="0.009"/>
  <testcase classname="PracticeTest.ConfigarationAnnotations" name="TC2" time="0.002"/>
</testsuite> <!-- PracticeTest.ConfigarationAnnotations -->
