<?xml version="1.0" encoding="UTF-8"?>
<!-- Generated by org.testng.reporters.JUnitReportReporter -->
<testsuite hostname="LAPTOP-T1BG6N1Q" failures="0" tests="3" name="com.comcast.crm.contacttest.ContactModule" time="57.539" errors="0" timestamp="2025-12-23T15:51:24 IST" skipped="0">
  <testcase classname="com.comcast.crm.contacttest.ContactModule" name="createContact" time="15.754"/>
  <testcase classname="com.comcast.crm.contacttest.ContactModule" name="createContactWithSupportDate" time="10.111"/>
  <testcase classname="com.comcast.crm.contacttest.ContactModule" name="createContactWithOrgTest" time="31.674"/>
</testsuite> <!-- com.comcast.crm.contacttest.ContactModule -->
