<?xml version="1.0" encoding="UTF-8"?>
<!-- Generated by org.testng.reporters.JUnitReportReporter -->
<testsuite hostname="LAPTOP-T1BG6N1Q" failures="0" tests="1" name="com.comcast.crm.contacttest.CreateContactWithSupportDateTest" time="12.188" errors="0" timestamp="17 Dec 2025 04:46:15 GMT" skipped="0">
  <testcase classname="com.comcast.crm.contacttest.CreateContactWithSupportDateTest" name="createContact" time="12.188"/>
</testsuite> <!-- com.comcast.crm.contacttest.CreateContactWithSupportDateTest -->
