<?xml version="1.0" encoding="UTF-8"?>
<!-- Generated by org.testng.reporters.JUnitReportReporter -->
<testsuite hostname="LAPTOP-T1BG6N1Q" failures="0" tests="3" name="com.comcast.crm.orgtest.OrganisationModule" time="90.627" errors="0" timestamp="2025-12-23T11:27:48 IST" skipped="0">
  <testcase classname="com.comcast.crm.orgtest.OrganisationModule" name="createOrgWithPhoneNumber" time="77.322"/>
  <testcase classname="com.comcast.crm.orgtest.OrganisationModule" name="createOrgWithIndustry" time="7.752"/>
  <testcase classname="com.comcast.crm.orgtest.OrganisationModule" name="createOrgTest" time="5.553"/>
</testsuite> <!-- com.comcast.crm.orgtest.OrganisationModule -->
