<?xml version="1.0" encoding="UTF-8"?>
<!-- Generated by org.testng.reporters.JUnitReportReporter -->
<testsuite hostname="LAPTOP-T1BG6N1Q" failures="0" tests="3" name="com.comcast.crm.contacttest.CreateContactTest" time="39.998" errors="0" timestamp="2025-12-18T12:55:54 IST" skipped="0">
  <testcase classname="com.comcast.crm.contacttest.CreateContactTest" name="createContactWithOrgTest" time="21.740"/>
  <testcase classname="com.comcast.crm.contacttest.CreateContactTest" name="createContactWithSupportDate" time="10.677"/>
  <testcase classname="com.comcast.crm.contacttest.CreateContactTest" name="createContact" time="7.581"/>
</testsuite> <!-- com.comcast.crm.contacttest.CreateContactTest -->
