<?xml version="1.0" encoding="UTF-8"?>
<!-- Generated by org.testng.reporters.JUnitReportReporter -->
<testsuite hostname="LAPTOP-T1BG6N1Q" failures="0" tests="3" name="PracticeTest.GetProductInfoTest" time="38.624" errors="0" timestamp="2025-12-17T17:33:50 IST" skipped="0">
  <testcase classname="PracticeTest.GetProductInfoTest" name="getProductInfoTest" time="11.262"/>
  <testcase classname="PracticeTest.GetProductInfoTest" name="getProductInfoTest" time="14.594"/>
  <testcase classname="PracticeTest.GetProductInfoTest" name="getProductInfoTest" time="12.768"/>
</testsuite> <!-- PracticeTest.GetProductInfoTest -->
