<?xml version="1.0" encoding="UTF-8"?>
<!-- Generated by org.testng.reporters.JUnitXMLReporter -->
<testsuite ignored="0" hostname="LAPTOP-T1BG6N1Q" failures="1" tests="1" name="Default test(failed)" time="0.053" errors="0" timestamp="2025-12-19T17:33:12 IST">
  <testcase classname="PracticeTest.RetryAnalyzer" name="activateSim" time="0.013">
    <failure type="java.lang.AssertionError" message="expected [Login] but found []">
      <![CDATA[java.lang.AssertionError: expected [Login] but found []
at PracticeTest.RetryAnalyzer.activateSim(RetryAnalyzer.java:13)
at java.base/java.util.ArrayList.forEach(ArrayList.java:1596)
... Removed 31 stack frames]]>
    </failure>
  </testcase> <!-- activateSim -->
</testsuite> <!-- Default test(failed) -->
